{"C:\\Users\\stijn\\Documents\\semester 4 fullstack\\projects\\dailyquestionsbackend\\db.js": {"path":"C:\\Users\\stijn\\Documents\\semester 4 fullstack\\projects\\dailyquestionsbackend\\db.js","statementMap":{"0":{"start":{"line":1,"column":14},"end":{"line":1,"column":39}},"1":{"start":{"line":3,"column":13},"end":{"line":12,"column":2}},"2":{"start":{"line":14,"column":0},"end":{"line":14,"column":22}}},"fnMap":{},"branchMap":{"0":{"loc":{"start":{"line":4,"column":8},"end":{"line":4,"column":42}},"type":"binary-expr","locations":[{"start":{"line":4,"column":8},"end":{"line":4,"column":27}},{"start":{"line":4,"column":31},"end":{"line":4,"column":42}}],"line":4},"1":{"loc":{"start":{"line":5,"column":8},"end":{"line":5,"column":35}},"type":"binary-expr","locations":[{"start":{"line":5,"column":8},"end":{"line":5,"column":27}},{"start":{"line":5,"column":31},"end":{"line":5,"column":35}}],"line":5},"2":{"loc":{"start":{"line":6,"column":8},"end":{"line":6,"column":41}},"type":"binary-expr","locations":[{"start":{"line":6,"column":8},"end":{"line":6,"column":27}},{"start":{"line":6,"column":31},"end":{"line":6,"column":41}}],"line":6},"3":{"loc":{"start":{"line":7,"column":12},"end":{"line":7,"column":57}},"type":"binary-expr","locations":[{"start":{"line":7,"column":12},"end":{"line":7,"column":35}},{"start":{"line":7,"column":39},"end":{"line":7,"column":57}}],"line":7},"4":{"loc":{"start":{"line":8,"column":12},"end":{"line":8,"column":54}},"type":"binary-expr","locations":[{"start":{"line":8,"column":12},"end":{"line":8,"column":31}},{"start":{"line":8,"column":35},"end":{"line":8,"column":54}}],"line":8}},"s":{"0":12,"1":12,"2":12},"f":{},"b":{"0":[12,12],"1":[12,12],"2":[12,12],"3":[12,12],"4":[12,12]},"_coverageSchema":"1a1c01bbd47fc00a2c39e90264f33305004495a9","hash":"2fcc61b36c51b2eb358cc0b8db11eedf13b757b6"}
,"C:\\Users\\stijn\\Documents\\semester 4 fullstack\\projects\\dailyquestionsbackend\\server.js": {"path":"C:\\Users\\stijn\\Documents\\semester 4 fullstack\\projects\\dailyquestionsbackend\\server.js","statementMap":{"0":{"start":{"line":1,"column":16},"end":{"line":1,"column":34}},"1":{"start":{"line":2,"column":13},"end":{"line":2,"column":28}},"2":{"start":{"line":3,"column":12},"end":{"line":3,"column":21}},"3":{"start":{"line":5,"column":13},"end":{"line":5,"column":17}},"4":{"start":{"line":7,"column":19},"end":{"line":7,"column":49}},"5":{"start":{"line":8,"column":20},"end":{"line":8,"column":51}},"6":{"start":{"line":10,"column":0},"end":{"line":10,"column":16}},"7":{"start":{"line":11,"column":0},"end":{"line":11,"column":24}},"8":{"start":{"line":13,"column":0},"end":{"line":13,"column":33}},"9":{"start":{"line":14,"column":0},"end":{"line":14,"column":29}},"10":{"start":{"line":16,"column":0},"end":{"line":18,"column":3}},"11":{"start":{"line":17,"column":2},"end":{"line":17,"column":41}},"12":{"start":{"line":20,"column":0},"end":{"line":24,"column":1}},"13":{"start":{"line":21,"column":2},"end":{"line":23,"column":5}},"14":{"start":{"line":22,"column":4},"end":{"line":22,"column":63}},"15":{"start":{"line":26,"column":0},"end":{"line":26,"column":21}}},"fnMap":{"0":{"name":"(anonymous_0)","decl":{"start":{"line":16,"column":13},"end":{"line":16,"column":14}},"loc":{"start":{"line":16,"column":27},"end":{"line":18,"column":1}},"line":16},"1":{"name":"(anonymous_1)","decl":{"start":{"line":21,"column":19},"end":{"line":21,"column":20}},"loc":{"start":{"line":21,"column":25},"end":{"line":23,"column":3}},"line":21}},"branchMap":{"0":{"loc":{"start":{"line":20,"column":0},"end":{"line":24,"column":1}},"type":"if","locations":[{"start":{"line":20,"column":0},"end":{"line":24,"column":1}},{"start":{},"end":{}}],"line":20}},"s":{"0":4,"1":4,"2":4,"3":4,"4":4,"5":4,"6":4,"7":4,"8":4,"9":4,"10":4,"11":1,"12":4,"13":0,"14":0,"15":4},"f":{"0":1,"1":0},"b":{"0":[0,4]},"_coverageSchema":"1a1c01bbd47fc00a2c39e90264f33305004495a9","hash":"7feab4819db5fe1d90863bb194ee3c0308d67e62"}
,"C:\\Users\\stijn\\Documents\\semester 4 fullstack\\projects\\dailyquestionsbackend\\DataAccess\\DB\\databaseConnection.js": {"path":"C:\\Users\\stijn\\Documents\\semester 4 fullstack\\projects\\dailyquestionsbackend\\DataAccess\\DB\\databaseConnection.js","statementMap":{"0":{"start":{"line":1,"column":12},"end":{"line":1,"column":28}},"1":{"start":{"line":3,"column":15},"end":{"line":8,"column":1}},"2":{"start":{"line":13,"column":2},"end":{"line":15,"column":3}},"3":{"start":{"line":14,"column":4},"end":{"line":14,"column":37}},"4":{"start":{"line":16,"column":2},"end":{"line":16,"column":14}},"5":{"start":{"line":20,"column":2},"end":{"line":23,"column":3}},"6":{"start":{"line":21,"column":4},"end":{"line":21,"column":23}},"7":{"start":{"line":22,"column":4},"end":{"line":22,"column":16}},"8":{"start":{"line":26,"column":0},"end":{"line":29,"column":2}}},"fnMap":{"0":{"name":"getConnection","decl":{"start":{"line":12,"column":15},"end":{"line":12,"column":28}},"loc":{"start":{"line":12,"column":31},"end":{"line":17,"column":1}},"line":12},"1":{"name":"closeConnection","decl":{"start":{"line":19,"column":15},"end":{"line":19,"column":30}},"loc":{"start":{"line":19,"column":33},"end":{"line":24,"column":1}},"line":19}},"branchMap":{"0":{"loc":{"start":{"line":13,"column":2},"end":{"line":15,"column":3}},"type":"if","locations":[{"start":{"line":13,"column":2},"end":{"line":15,"column":3}},{"start":{},"end":{}}],"line":13},"1":{"loc":{"start":{"line":20,"column":2},"end":{"line":23,"column":3}},"type":"if","locations":[{"start":{"line":20,"column":2},"end":{"line":23,"column":3}},{"start":{},"end":{}}],"line":20}},"s":{"0":0,"1":0,"2":0,"3":0,"4":0,"5":0,"6":0,"7":0,"8":0},"f":{"0":0,"1":0},"b":{"0":[0,0],"1":[0,0]}}
,"C:\\Users\\stijn\\Documents\\semester 4 fullstack\\projects\\dailyquestionsbackend\\DataAccess\\Repos\\GroupRepo.js": {"path":"C:\\Users\\stijn\\Documents\\semester 4 fullstack\\projects\\dailyquestionsbackend\\DataAccess\\Repos\\GroupRepo.js","statementMap":{"0":{"start":{"line":1,"column":11},"end":{"line":1,"column":30}},"1":{"start":{"line":5,"column":4},"end":{"line":12,"column":5}},"2":{"start":{"line":6,"column":20},"end":{"line":6,"column":44}},"3":{"start":{"line":7,"column":21},"end":{"line":7,"column":42}},"4":{"start":{"line":8,"column":6},"end":{"line":8,"column":18}},"5":{"start":{"line":10,"column":6},"end":{"line":10,"column":53}},"6":{"start":{"line":11,"column":6},"end":{"line":11,"column":18}},"7":{"start":{"line":16,"column":4},"end":{"line":23,"column":5}},"8":{"start":{"line":17,"column":20},"end":{"line":17,"column":65}},"9":{"start":{"line":18,"column":21},"end":{"line":18,"column":53}},"10":{"start":{"line":19,"column":6},"end":{"line":19,"column":21}},"11":{"start":{"line":21,"column":6},"end":{"line":21,"column":71}},"12":{"start":{"line":22,"column":6},"end":{"line":22,"column":18}},"13":{"start":{"line":27,"column":4},"end":{"line":34,"column":5}},"14":{"start":{"line":28,"column":20},"end":{"line":28,"column":60}},"15":{"start":{"line":29,"column":23},"end":{"line":29,"column":57}},"16":{"start":{"line":30,"column":6},"end":{"line":30,"column":54}},"17":{"start":{"line":32,"column":6},"end":{"line":32,"column":52}},"18":{"start":{"line":33,"column":6},"end":{"line":33,"column":18}},"19":{"start":{"line":38,"column":4},"end":{"line":45,"column":5}},"20":{"start":{"line":39,"column":20},"end":{"line":39,"column":63}},"21":{"start":{"line":40,"column":6},"end":{"line":40,"column":50}},"22":{"start":{"line":41,"column":6},"end":{"line":41,"column":46}},"23":{"start":{"line":43,"column":6},"end":{"line":43,"column":71}},"24":{"start":{"line":44,"column":6},"end":{"line":44,"column":18}},"25":{"start":{"line":49,"column":4},"end":{"line":56,"column":5}},"26":{"start":{"line":50,"column":20},"end":{"line":50,"column":55}},"27":{"start":{"line":51,"column":6},"end":{"line":51,"column":39}},"28":{"start":{"line":52,"column":6},"end":{"line":52,"column":29}},"29":{"start":{"line":54,"column":6},"end":{"line":54,"column":71}},"30":{"start":{"line":55,"column":6},"end":{"line":55,"column":18}},"31":{"start":{"line":60,"column":0},"end":{"line":60,"column":27}}},"fnMap":{"0":{"name":"(anonymous_0)","decl":{"start":{"line":4,"column":2},"end":{"line":4,"column":3}},"loc":{"start":{"line":4,"column":30},"end":{"line":13,"column":3}},"line":4},"1":{"name":"(anonymous_1)","decl":{"start":{"line":15,"column":2},"end":{"line":15,"column":3}},"loc":{"start":{"line":15,"column":37},"end":{"line":24,"column":3}},"line":15},"2":{"name":"(anonymous_2)","decl":{"start":{"line":26,"column":2},"end":{"line":26,"column":3}},"loc":{"start":{"line":26,"column":35},"end":{"line":35,"column":3}},"line":26},"3":{"name":"(anonymous_3)","decl":{"start":{"line":37,"column":2},"end":{"line":37,"column":3}},"loc":{"start":{"line":37,"column":47},"end":{"line":46,"column":3}},"line":37},"4":{"name":"(anonymous_4)","decl":{"start":{"line":48,"column":2},"end":{"line":48,"column":3}},"loc":{"start":{"line":48,"column":36},"end":{"line":57,"column":3}},"line":48}},"branchMap":{},"s":{"0":8,"1":4,"2":4,"3":4,"4":3,"5":1,"6":1,"7":3,"8":3,"9":3,"10":2,"11":1,"12":1,"13":3,"14":3,"15":3,"16":2,"17":1,"18":1,"19":2,"20":2,"21":2,"22":1,"23":1,"24":1,"25":2,"26":2,"27":2,"28":1,"29":1,"30":1,"31":8},"f":{"0":4,"1":3,"2":3,"3":2,"4":2},"b":{},"_coverageSchema":"1a1c01bbd47fc00a2c39e90264f33305004495a9","hash":"06ba4109fa368632026bf260cdebecf6c21f5ff7"}
,"C:\\Users\\stijn\\Documents\\semester 4 fullstack\\projects\\dailyquestionsbackend\\DataAccess\\Repos\\UserRepo.js": {"path":"C:\\Users\\stijn\\Documents\\semester 4 fullstack\\projects\\dailyquestionsbackend\\DataAccess\\Repos\\UserRepo.js","statementMap":{"0":{"start":{"line":1,"column":11},"end":{"line":1,"column":30}},"1":{"start":{"line":5,"column":4},"end":{"line":12,"column":5}},"2":{"start":{"line":6,"column":20},"end":{"line":6,"column":94}},"3":{"start":{"line":7,"column":21},"end":{"line":7,"column":54}},"4":{"start":{"line":8,"column":6},"end":{"line":8,"column":21}},"5":{"start":{"line":10,"column":6},"end":{"line":10,"column":75}},"6":{"start":{"line":11,"column":6},"end":{"line":11,"column":18}},"7":{"start":{"line":16,"column":0},"end":{"line":16,"column":26}}},"fnMap":{"0":{"name":"(anonymous_0)","decl":{"start":{"line":4,"column":2},"end":{"line":4,"column":3}},"loc":{"start":{"line":4,"column":43},"end":{"line":13,"column":3}},"line":4}},"branchMap":{},"s":{"0":5,"1":4,"2":4,"3":4,"4":3,"5":1,"6":1,"7":5},"f":{"0":4},"b":{},"_coverageSchema":"1a1c01bbd47fc00a2c39e90264f33305004495a9","hash":"00ab6fa71039ff38e071e40cd8645ddfda9a4cba"}
,"C:\\Users\\stijn\\Documents\\semester 4 fullstack\\projects\\dailyquestionsbackend\\Models\\group.js": {"path":"C:\\Users\\stijn\\Documents\\semester 4 fullstack\\projects\\dailyquestionsbackend\\Models\\group.js","statementMap":{"0":{"start":{"line":2,"column":9},"end":{"line":2,"column":11}},"1":{"start":{"line":3,"column":7},"end":{"line":3,"column":11}},"2":{"start":{"line":6,"column":4},"end":{"line":6,"column":21}},"3":{"start":{"line":7,"column":4},"end":{"line":7,"column":17}},"4":{"start":{"line":11,"column":0},"end":{"line":11,"column":23}}},"fnMap":{"0":{"name":"(anonymous_0)","decl":{"start":{"line":5,"column":2},"end":{"line":5,"column":3}},"loc":{"start":{"line":5,"column":24},"end":{"line":8,"column":3}},"line":5}},"branchMap":{},"s":{"0":1,"1":1,"2":1,"3":1,"4":1},"f":{"0":1},"b":{},"_coverageSchema":"1a1c01bbd47fc00a2c39e90264f33305004495a9","hash":"748adf540fc86961f69eab9598a27a3747bceaf6"}
,"C:\\Users\\stijn\\Documents\\semester 4 fullstack\\projects\\dailyquestionsbackend\\Routes\\authRoutes.js": {"path":"C:\\Users\\stijn\\Documents\\semester 4 fullstack\\projects\\dailyquestionsbackend\\Routes\\authRoutes.js","statementMap":{"0":{"start":{"line":1,"column":16},"end":{"line":1,"column":34}},"1":{"start":{"line":2,"column":15},"end":{"line":2,"column":31}},"2":{"start":{"line":3,"column":20},"end":{"line":3,"column":54}},"3":{"start":{"line":5,"column":0},"end":{"line":17,"column":3}},"4":{"start":{"line":6,"column":2},"end":{"line":16,"column":3}},"5":{"start":{"line":7,"column":35},"end":{"line":7,"column":43}},"6":{"start":{"line":8,"column":4},"end":{"line":10,"column":5}},"7":{"start":{"line":9,"column":6},"end":{"line":9,"column":92}},"8":{"start":{"line":12,"column":17},"end":{"line":12,"column":60}},"9":{"start":{"line":13,"column":4},"end":{"line":13,"column":19}},"10":{"start":{"line":15,"column":4},"end":{"line":15,"column":51}},"11":{"start":{"line":19,"column":0},"end":{"line":21,"column":3}},"12":{"start":{"line":20,"column":2},"end":{"line":20,"column":52}},"13":{"start":{"line":23,"column":0},"end":{"line":23,"column":24}}},"fnMap":{"0":{"name":"(anonymous_0)","decl":{"start":{"line":5,"column":22},"end":{"line":5,"column":23}},"loc":{"start":{"line":5,"column":42},"end":{"line":17,"column":1}},"line":5},"1":{"name":"(anonymous_1)","decl":{"start":{"line":19,"column":23},"end":{"line":19,"column":24}},"loc":{"start":{"line":19,"column":37},"end":{"line":21,"column":1}},"line":19}},"branchMap":{"0":{"loc":{"start":{"line":8,"column":4},"end":{"line":10,"column":5}},"type":"if","locations":[{"start":{"line":8,"column":4},"end":{"line":10,"column":5}},{"start":{},"end":{}}],"line":8},"1":{"loc":{"start":{"line":8,"column":8},"end":{"line":8,"column":30}},"type":"binary-expr","locations":[{"start":{"line":8,"column":8},"end":{"line":8,"column":17}},{"start":{"line":8,"column":21},"end":{"line":8,"column":30}}],"line":8}},"s":{"0":4,"1":4,"2":4,"3":4,"4":11,"5":11,"6":11,"7":6,"8":5,"9":2,"10":3,"11":4,"12":2,"13":4},"f":{"0":11,"1":2},"b":{"0":[6,5],"1":[11,7]},"_coverageSchema":"1a1c01bbd47fc00a2c39e90264f33305004495a9","hash":"168cab938ee5161a0f407b5b5c43f28fce2f1712"}
,"C:\\Users\\stijn\\Documents\\semester 4 fullstack\\projects\\dailyquestionsbackend\\Routes\\groupRoutes.js": {"path":"C:\\Users\\stijn\\Documents\\semester 4 fullstack\\projects\\dailyquestionsbackend\\Routes\\groupRoutes.js","statementMap":{"0":{"start":{"line":1,"column":16},"end":{"line":1,"column":34}},"1":{"start":{"line":2,"column":15},"end":{"line":2,"column":31}},"2":{"start":{"line":3,"column":21},"end":{"line":3,"column":56}},"3":{"start":{"line":5,"column":0},"end":{"line":12,"column":3}},"4":{"start":{"line":6,"column":2},"end":{"line":11,"column":3}},"5":{"start":{"line":7,"column":19},"end":{"line":7,"column":52}},"6":{"start":{"line":8,"column":4},"end":{"line":8,"column":21}},"7":{"start":{"line":10,"column":4},"end":{"line":10,"column":51}},"8":{"start":{"line":14,"column":0},"end":{"line":27,"column":3}},"9":{"start":{"line":15,"column":2},"end":{"line":26,"column":3}},"10":{"start":{"line":16,"column":19},"end":{"line":16,"column":29}},"11":{"start":{"line":17,"column":18},"end":{"line":17,"column":53}},"12":{"start":{"line":19,"column":4},"end":{"line":21,"column":5}},"13":{"start":{"line":20,"column":6},"end":{"line":20,"column":64}},"14":{"start":{"line":23,"column":4},"end":{"line":23,"column":20}},"15":{"start":{"line":25,"column":4},"end":{"line":25,"column":51}},"16":{"start":{"line":29,"column":0},"end":{"line":41,"column":3}},"17":{"start":{"line":30,"column":2},"end":{"line":40,"column":3}},"18":{"start":{"line":31,"column":21},"end":{"line":31,"column":29}},"19":{"start":{"line":32,"column":4},"end":{"line":34,"column":5}},"20":{"start":{"line":33,"column":6},"end":{"line":33,"column":71}},"21":{"start":{"line":36,"column":18},"end":{"line":36,"column":51}},"22":{"start":{"line":37,"column":4},"end":{"line":37,"column":32}},"23":{"start":{"line":39,"column":4},"end":{"line":39,"column":51}},"24":{"start":{"line":43,"column":0},"end":{"line":43,"column":24}}},"fnMap":{"0":{"name":"(anonymous_0)","decl":{"start":{"line":5,"column":21},"end":{"line":5,"column":22}},"loc":{"start":{"line":5,"column":41},"end":{"line":12,"column":1}},"line":5},"1":{"name":"(anonymous_1)","decl":{"start":{"line":14,"column":25},"end":{"line":14,"column":26}},"loc":{"start":{"line":14,"column":45},"end":{"line":27,"column":1}},"line":14},"2":{"name":"(anonymous_2)","decl":{"start":{"line":29,"column":22},"end":{"line":29,"column":23}},"loc":{"start":{"line":29,"column":42},"end":{"line":41,"column":1}},"line":29}},"branchMap":{"0":{"loc":{"start":{"line":19,"column":4},"end":{"line":21,"column":5}},"type":"if","locations":[{"start":{"line":19,"column":4},"end":{"line":21,"column":5}},{"start":{},"end":{}}],"line":19},"1":{"loc":{"start":{"line":32,"column":4},"end":{"line":34,"column":5}},"type":"if","locations":[{"start":{"line":32,"column":4},"end":{"line":34,"column":5}},{"start":{},"end":{}}],"line":32}},"s":{"0":4,"1":4,"2":4,"3":4,"4":3,"5":3,"6":2,"7":1,"8":4,"9":3,"10":3,"11":3,"12":2,"13":1,"14":1,"15":1,"16":4,"17":5,"18":5,"19":5,"20":2,"21":3,"22":2,"23":1,"24":4},"f":{"0":3,"1":3,"2":5},"b":{"0":[1,1],"1":[2,3]},"_coverageSchema":"1a1c01bbd47fc00a2c39e90264f33305004495a9","hash":"0e5e552cbe62510513b863ea9cc8a1058a1b9d53"}
,"C:\\Users\\stijn\\Documents\\semester 4 fullstack\\projects\\dailyquestionsbackend\\Services\\authService.js": {"path":"C:\\Users\\stijn\\Documents\\semester 4 fullstack\\projects\\dailyquestionsbackend\\Services\\authService.js","statementMap":{"0":{"start":{"line":1,"column":17},"end":{"line":1,"column":56}},"1":{"start":{"line":5,"column":17},"end":{"line":5,"column":59}},"2":{"start":{"line":6,"column":4},"end":{"line":8,"column":5}},"3":{"start":{"line":7,"column":6},"end":{"line":7,"column":64}},"4":{"start":{"line":10,"column":4},"end":{"line":13,"column":6}},"5":{"start":{"line":17,"column":0},"end":{"line":17,"column":29}}},"fnMap":{"0":{"name":"(anonymous_0)","decl":{"start":{"line":4,"column":2},"end":{"line":4,"column":3}},"loc":{"start":{"line":4,"column":41},"end":{"line":14,"column":3}},"line":4}},"branchMap":{"0":{"loc":{"start":{"line":6,"column":4},"end":{"line":8,"column":5}},"type":"if","locations":[{"start":{"line":6,"column":4},"end":{"line":8,"column":5}},{"start":{},"end":{}}],"line":6},"1":{"loc":{"start":{"line":6,"column":8},"end":{"line":6,"column":43}},"type":"binary-expr","locations":[{"start":{"line":6,"column":8},"end":{"line":6,"column":13}},{"start":{"line":6,"column":17},"end":{"line":6,"column":43}}],"line":6}},"s":{"0":5,"1":9,"2":7,"3":4,"4":3,"5":5},"f":{"0":9},"b":{"0":[4,3],"1":[7,5]},"_coverageSchema":"1a1c01bbd47fc00a2c39e90264f33305004495a9","hash":"e1b2736b72ea4d1734732c370f4406227be39a5a"}
,"C:\\Users\\stijn\\Documents\\semester 4 fullstack\\projects\\dailyquestionsbackend\\Services\\groupService.js": {"path":"C:\\Users\\stijn\\Documents\\semester 4 fullstack\\projects\\dailyquestionsbackend\\Services\\groupService.js","statementMap":{"0":{"start":{"line":1,"column":18},"end":{"line":1,"column":58}},"1":{"start":{"line":5,"column":4},"end":{"line":9,"column":5}},"2":{"start":{"line":6,"column":6},"end":{"line":6,"column":44}},"3":{"start":{"line":8,"column":6},"end":{"line":8,"column":65}},"4":{"start":{"line":13,"column":4},"end":{"line":17,"column":5}},"5":{"start":{"line":14,"column":6},"end":{"line":14,"column":46}},"6":{"start":{"line":16,"column":6},"end":{"line":16,"column":64}},"7":{"start":{"line":21,"column":4},"end":{"line":25,"column":5}},"8":{"start":{"line":22,"column":6},"end":{"line":22,"column":44}},"9":{"start":{"line":24,"column":6},"end":{"line":24,"column":62}},"10":{"start":{"line":29,"column":0},"end":{"line":29,"column":36}}},"fnMap":{"0":{"name":"(anonymous_0)","decl":{"start":{"line":4,"column":2},"end":{"line":4,"column":3}},"loc":{"start":{"line":4,"column":23},"end":{"line":10,"column":3}},"line":4},"1":{"name":"(anonymous_1)","decl":{"start":{"line":12,"column":2},"end":{"line":12,"column":3}},"loc":{"start":{"line":12,"column":25},"end":{"line":18,"column":3}},"line":12},"2":{"name":"(anonymous_2)","decl":{"start":{"line":20,"column":2},"end":{"line":20,"column":3}},"loc":{"start":{"line":20,"column":23},"end":{"line":26,"column":3}},"line":20}},"branchMap":{},"s":{"0":6,"1":6,"2":6,"3":2,"4":6,"5":6,"6":2,"7":6,"8":6,"9":2,"10":6},"f":{"0":6,"1":6,"2":6},"b":{},"_coverageSchema":"1a1c01bbd47fc00a2c39e90264f33305004495a9","hash":"101546f81381ea058b0cac3b990d1ea90165f674"}
}
