TN:
SF:db.js
FNF:0
FNH:0
DA:1,12
DA:3,12
DA:14,12
LF:3
LH:3
BRDA:4,0,0,12
BRDA:4,0,1,12
BRDA:5,1,0,12
BRDA:5,1,1,12
BRDA:6,2,0,12
BRDA:6,2,1,12
BRDA:7,3,0,12
BRDA:7,3,1,12
BRDA:8,4,0,12
BRDA:8,4,1,12
BRF:10
BRH:10
end_of_record
TN:
SF:server.js
FN:16,(anonymous_0)
FN:21,(anonymous_1)
FNF:2
FNH:1
FNDA:1,(anonymous_0)
FNDA:0,(anonymous_1)
DA:1,4
DA:2,4
DA:3,4
DA:5,4
DA:7,4
DA:8,4
DA:10,4
DA:11,4
DA:13,4
DA:14,4
DA:16,4
DA:17,1
DA:20,4
DA:21,0
DA:22,0
DA:26,4
LF:16
LH:14
BRDA:20,0,0,0
BRDA:20,0,1,4
BRF:2
BRH:1
end_of_record
TN:
SF:DataAccess\DB\databaseConnection.js
FN:12,getConnection
FN:19,closeConnection
FNF:2
FNH:0
FNDA:0,getConnection
FNDA:0,closeConnection
DA:1,0
DA:3,0
DA:13,0
DA:14,0
DA:16,0
DA:20,0
DA:21,0
DA:22,0
DA:26,0
LF:9
LH:0
BRDA:13,0,0,0
BRDA:13,0,1,0
BRDA:20,1,0,0
BRDA:20,1,1,0
BRF:4
BRH:0
end_of_record
TN:
SF:DataAccess\Repos\GroupRepo.js
FN:4,(anonymous_0)
FN:15,(anonymous_1)
FN:26,(anonymous_2)
FN:37,(anonymous_3)
FN:48,(anonymous_4)
FNF:5
FNH:5
FNDA:4,(anonymous_0)
FNDA:3,(anonymous_1)
FNDA:3,(anonymous_2)
FNDA:2,(anonymous_3)
FNDA:2,(anonymous_4)
DA:1,8
DA:5,4
DA:6,4
DA:7,4
DA:8,3
DA:10,1
DA:11,1
DA:16,3
DA:17,3
DA:18,3
DA:19,2
DA:21,1
DA:22,1
DA:27,3
DA:28,3
DA:29,3
DA:30,2
DA:32,1
DA:33,1
DA:38,2
DA:39,2
DA:40,2
DA:41,1
DA:43,1
DA:44,1
DA:49,2
DA:50,2
DA:51,2
DA:52,1
DA:54,1
DA:55,1
DA:60,8
LF:32
LH:32
BRF:0
BRH:0
end_of_record
TN:
SF:DataAccess\Repos\UserRepo.js
FN:4,(anonymous_0)
FNF:1
FNH:1
FNDA:4,(anonymous_0)
DA:1,5
DA:5,4
DA:6,4
DA:7,4
DA:8,3
DA:10,1
DA:11,1
DA:16,5
LF:8
LH:8
BRF:0
BRH:0
end_of_record
TN:
SF:Models\group.js
FN:5,(anonymous_0)
FNF:1
FNH:1
FNDA:1,(anonymous_0)
DA:2,1
DA:3,1
DA:6,1
DA:7,1
DA:11,1
LF:5
LH:5
BRF:0
BRH:0
end_of_record
TN:
SF:Routes\authRoutes.js
FN:5,(anonymous_0)
FN:19,(anonymous_1)
FNF:2
FNH:2
FNDA:11,(anonymous_0)
FNDA:2,(anonymous_1)
DA:1,4
DA:2,4
DA:3,4
DA:5,4
DA:6,11
DA:7,11
DA:8,11
DA:9,6
DA:12,5
DA:13,2
DA:15,3
DA:19,4
DA:20,2
DA:23,4
LF:14
LH:14
BRDA:8,0,0,6
BRDA:8,0,1,5
BRDA:8,1,0,11
BRDA:8,1,1,7
BRF:4
BRH:4
end_of_record
TN:
SF:Routes\groupRoutes.js
FN:5,(anonymous_0)
FN:14,(anonymous_1)
FN:29,(anonymous_2)
FNF:3
FNH:3
FNDA:3,(anonymous_0)
FNDA:3,(anonymous_1)
FNDA:5,(anonymous_2)
DA:1,4
DA:2,4
DA:3,4
DA:5,4
DA:6,3
DA:7,3
DA:8,2
DA:10,1
DA:14,4
DA:15,3
DA:16,3
DA:17,3
DA:19,2
DA:20,1
DA:23,1
DA:25,1
DA:29,4
DA:30,5
DA:31,5
DA:32,5
DA:33,2
DA:36,3
DA:37,2
DA:39,1
DA:43,4
LF:25
LH:25
BRDA:19,0,0,1
BRDA:19,0,1,1
BRDA:32,1,0,2
BRDA:32,1,1,3
BRF:4
BRH:4
end_of_record
TN:
SF:Services\authService.js
FN:4,(anonymous_0)
FNF:1
FNH:1
FNDA:9,(anonymous_0)
DA:1,5
DA:5,9
DA:6,7
DA:7,4
DA:10,3
DA:17,5
LF:6
LH:6
BRDA:6,0,0,4
BRDA:6,0,1,3
BRDA:6,1,0,7
BRDA:6,1,1,5
BRF:4
BRH:4
end_of_record
TN:
SF:Services\groupService.js
FN:4,(anonymous_0)
FN:12,(anonymous_1)
FN:20,(anonymous_2)
FNF:3
FNH:3
FNDA:6,(anonymous_0)
FNDA:6,(anonymous_1)
FNDA:6,(anonymous_2)
DA:1,6
DA:5,6
DA:6,6
DA:8,2
DA:13,6
DA:14,6
DA:16,2
DA:21,6
DA:22,6
DA:24,2
DA:29,6
LF:11
LH:11
BRF:0
BRH:0
end_of_record
